[debug] [2022-03-01T07:09:59.621Z] ----------------------------------------------------------------------
[debug] [2022-03-01T07:09:59.623Z] Command:       C:\Program Files\nodejs\node.exe C:\Users\Sebastian\AppData\Roaming\npm\node_modules\firebase-tools\lib\bin\firebase.js deploy --token *** --non-interactive --only hosting:dirtylittlepawsdevelop
[debug] [2022-03-01T07:09:59.623Z] CLI Version:   10.1.0
[debug] [2022-03-01T07:09:59.623Z] Platform:      win32
[debug] [2022-03-01T07:09:59.623Z] Node Version:  v16.14.0
[debug] [2022-03-01T07:09:59.624Z] Time:          Tue Mar 01 2022 01:09:59 GMT-0600 (Central Standard Time)
[debug] [2022-03-01T07:09:59.624Z] ----------------------------------------------------------------------
[debug] 
[debug] [2022-03-01T07:09:59.667Z] > command requires scopes: ["email","openid","https://www.googleapis.com/auth/cloudplatformprojects.readonly","https://www.googleapis.com/auth/firebase","https://www.googleapis.com/auth/cloud-platform"]
[debug] [2022-03-01T07:09:59.667Z] > authorizing via --token option
[debug] [2022-03-01T07:09:59.667Z] [iam] checking project dirtylittlepaws-487d9 for permissions ["firebase.projects.get","firebasehosting.sites.update"]
[debug] [2022-03-01T07:09:59.669Z] > refreshing access token with scopes: ["email","https://www.googleapis.com/auth/cloud-platform","https://www.googleapis.com/auth/cloudplatformprojects.readonly","https://www.googleapis.com/auth/firebase","openid"]
[debug] [2022-03-01T07:09:59.669Z] >>> HTTP REQUEST POST https://www.googleapis.com/oauth2/v3/token  
 <request body omitted>
[debug] [2022-03-01T07:09:59.789Z] <<< HTTP RESPONSE 400 {"date":"Tue, 01 Mar 2022 07:10:00 GMT","pragma":"no-cache","expires":"Mon, 01 Jan 1990 00:00:00 GMT","cache-control":"no-cache, no-store, max-age=0, must-revalidate","content-type":"application/json; charset=utf-8","vary":"X-Origin, Referer, Origin,Accept-Encoding","server":"scaffolding on HTTPServer2","x-xss-protection":"0","x-frame-options":"SAMEORIGIN","x-content-type-options":"nosniff","alt-svc":"h3=\":443\"; ma=2592000,h3-29=\":443\"; ma=2592000,h3-Q050=\":443\"; ma=2592000,h3-Q046=\":443\"; ma=2592000,h3-Q043=\":443\"; ma=2592000,quic=\":443\"; ma=2592000; v=\"46,43\"","accept-ranges":"none","transfer-encoding":"chunked"}
[debug] [2022-03-01T07:09:59.790Z] >>> HTTP REQUEST POST https://cloudresourcemanager.googleapis.com/v1/projects/dirtylittlepaws-487d9:testIamPermissions  
 {"permissions":["firebase.projects.get","firebasehosting.sites.update"]}
[debug] [2022-03-01T07:09:59.928Z] <<< HTTP RESPONSE 401 {"www-authenticate":"Bearer realm=\"https://accounts.google.com/\", error=\"invalid_token\"","vary":"X-Origin, Referer, Origin,Accept-Encoding","content-type":"application/json; charset=UTF-8","date":"Tue, 01 Mar 2022 07:10:00 GMT","server":"ESF","cache-control":"private","x-xss-protection":"0","x-frame-options":"SAMEORIGIN","x-content-type-options":"nosniff","server-timing":"gfet4t7; dur=17","alt-svc":"h3=\":443\"; ma=2592000,h3-29=\":443\"; ma=2592000,h3-Q050=\":443\"; ma=2592000,h3-Q046=\":443\"; ma=2592000,h3-Q043=\":443\"; ma=2592000,quic=\":443\"; ma=2592000; v=\"46,43\"","accept-ranges":"none","transfer-encoding":"chunked"}
[debug] [2022-03-01T07:09:59.928Z] <<< HTTP RESPONSE BODY {"error":{"code":401,"message":"Request had invalid authentication credentials. Expected OAuth 2 access token, login cookie or other valid authentication credential. See https://developers.google.com/identity/sign-in/web/devconsole-project.","status":"UNAUTHENTICATED","details":[{"@type":"type.googleapis.com/google.rpc.ErrorInfo","reason":"ACCESS_TOKEN_TYPE_UNSUPPORTED","metadata":{"method":"google.cloudresourcemanager.v1.Projects.TestIamPermissions","service":"cloudresourcemanager.googleapis.com"}}]}}
[debug] [2022-03-01T07:09:59.929Z] [iam] error while checking permissions, command may fail: FirebaseError: HTTP Error: 401, Request had invalid authentication credentials. Expected OAuth 2 access token, login cookie or other valid authentication credential. See https://developers.google.com/identity/sign-in/web/devconsole-project.
[debug] [2022-03-01T07:09:59.930Z] > refreshing access token with scopes: []
[debug] [2022-03-01T07:09:59.930Z] >>> HTTP REQUEST POST https://www.googleapis.com/oauth2/v3/token  
 <request body omitted>
[debug] [2022-03-01T07:10:00.051Z] <<< HTTP RESPONSE 400 {"pragma":"no-cache","cache-control":"no-cache, no-store, max-age=0, must-revalidate","expires":"Mon, 01 Jan 1990 00:00:00 GMT","date":"Tue, 01 Mar 2022 07:10:00 GMT","content-type":"application/json; charset=utf-8","vary":"X-Origin, Referer, Origin,Accept-Encoding","server":"scaffolding on HTTPServer2","x-xss-protection":"0","x-frame-options":"SAMEORIGIN","x-content-type-options":"nosniff","alt-svc":"h3=\":443\"; ma=2592000,h3-29=\":443\"; ma=2592000,h3-Q050=\":443\"; ma=2592000,h3-Q046=\":443\"; ma=2592000,h3-Q043=\":443\"; ma=2592000,quic=\":443\"; ma=2592000; v=\"46,43\"","accept-ranges":"none","transfer-encoding":"chunked"}
[debug] [2022-03-01T07:10:00.052Z] >>> [apiv2][query] GET https://firebase.googleapis.com/v1beta1/projects/dirtylittlepaws-487d9 [none]
[debug] [2022-03-01T07:10:00.163Z] <<< [apiv2][status] GET https://firebase.googleapis.com/v1beta1/projects/dirtylittlepaws-487d9 401
[debug] [2022-03-01T07:10:00.163Z] <<< [apiv2][body] GET https://firebase.googleapis.com/v1beta1/projects/dirtylittlepaws-487d9 {"error":{"code":401,"message":"Request had invalid authentication credentials. Expected OAuth 2 access token, login cookie or other valid authentication credential. See https://developers.google.com/identity/sign-in/web/devconsole-project.","status":"UNAUTHENTICATED"}}
[debug] [2022-03-01T07:10:00.164Z] HTTP Error: 401, Request had invalid authentication credentials. Expected OAuth 2 access token, login cookie or other valid authentication credential. See https://developers.google.com/identity/sign-in/web/devconsole-project.
[debug] [2022-03-01T07:10:00.164Z] FirebaseError: HTTP Error: 401, Request had invalid authentication credentials. Expected OAuth 2 access token, login cookie or other valid authentication credential. See https://developers.google.com/identity/sign-in/web/devconsole-project.
    at module.exports (C:\Users\Sebastian\AppData\Roaming\npm\node_modules\firebase-tools\lib\responseToError.js:38:12)
    at Client.doRequest (C:\Users\Sebastian\AppData\Roaming\npm\node_modules\firebase-tools\lib\apiv2.js:241:23)
    at processTicksAndRejections (node:internal/process/task_queues:96:5)
    at async Client.request (C:\Users\Sebastian\AppData\Roaming\npm\node_modules\firebase-tools\lib\apiv2.js:96:20)
    at async getFirebaseProject (C:\Users\Sebastian\AppData\Roaming\npm\node_modules\firebase-tools\lib\management\projects.js:290:21)
    at async getDefaultHostingSite (C:\Users\Sebastian\AppData\Roaming\npm\node_modules\firebase-tools\lib\getDefaultHostingSite.js:8:21)
    at async requireHostingSite (C:\Users\Sebastian\AppData\Roaming\npm\node_modules\firebase-tools\lib\requireHostingSite.js:9:18)
    at async Object.fn (C:\Users\Sebastian\AppData\Roaming\npm\node_modules\firebase-tools\lib\commands\deploy.js:73:9)
    at async C:\Users\Sebastian\AppData\Roaming\npm\node_modules\firebase-tools\lib\command.js:188:17
[error] 
[error] Error: Failed to get Firebase project dirtylittlepaws-487d9. Please make sure the project exists and your account has permission to access it.
[debug] [2022-03-01T07:14:23.106Z] ----------------------------------------------------------------------
[debug] [2022-03-01T07:14:23.108Z] Command:       C:\Program Files\nodejs\node.exe C:\Users\Sebastian\AppData\Roaming\npm\node_modules\firebase-tools\lib\bin\firebase.js deploy --token ${{ secrets.FIREBASE_DEPLOY_TOKEN }} --non-interactive --only hosting:dirtylittlepawsdevelop
[debug] [2022-03-01T07:14:23.108Z] CLI Version:   10.1.0
[debug] [2022-03-01T07:14:23.108Z] Platform:      win32
[debug] [2022-03-01T07:14:23.108Z] Node Version:  v16.14.0
[debug] [2022-03-01T07:14:23.109Z] Time:          Tue Mar 01 2022 01:14:23 GMT-0600 (Central Standard Time)
[debug] [2022-03-01T07:14:23.109Z] ----------------------------------------------------------------------
[debug] 
[debug] [2022-03-01T07:14:23.152Z] > command requires scopes: ["email","openid","https://www.googleapis.com/auth/cloudplatformprojects.readonly","https://www.googleapis.com/auth/firebase","https://www.googleapis.com/auth/cloud-platform"]
[debug] [2022-03-01T07:14:23.152Z] > authorizing via --token option
[debug] [2022-03-01T07:14:23.152Z] [iam] checking project dirtylittlepaws-487d9 for permissions ["firebase.projects.get","firebasehosting.sites.update"]
[debug] [2022-03-01T07:14:23.154Z] > refreshing access token with scopes: ["email","https://www.googleapis.com/auth/cloud-platform","https://www.googleapis.com/auth/cloudplatformprojects.readonly","https://www.googleapis.com/auth/firebase","openid"]
[debug] [2022-03-01T07:14:23.154Z] >>> HTTP REQUEST POST https://www.googleapis.com/oauth2/v3/token  
 <request body omitted>
[debug] [2022-03-01T07:14:23.284Z] <<< HTTP RESPONSE 400 {"expires":"Mon, 01 Jan 1990 00:00:00 GMT","date":"Tue, 01 Mar 2022 07:14:23 GMT","cache-control":"no-cache, no-store, max-age=0, must-revalidate","pragma":"no-cache","content-type":"application/json; charset=utf-8","vary":"X-Origin, Referer, Origin,Accept-Encoding","server":"scaffolding on HTTPServer2","x-xss-protection":"0","x-frame-options":"SAMEORIGIN","x-content-type-options":"nosniff","alt-svc":"h3=\":443\"; ma=2592000,h3-29=\":443\"; ma=2592000,h3-Q050=\":443\"; ma=2592000,h3-Q046=\":443\"; ma=2592000,h3-Q043=\":443\"; ma=2592000,quic=\":443\"; ma=2592000; v=\"46,43\"","accept-ranges":"none","transfer-encoding":"chunked"}
[debug] [2022-03-01T07:14:23.285Z] >>> HTTP REQUEST POST https://cloudresourcemanager.googleapis.com/v1/projects/dirtylittlepaws-487d9:testIamPermissions  
 {"permissions":["firebase.projects.get","firebasehosting.sites.update"]}
[debug] [2022-03-01T07:14:23.415Z] <<< HTTP RESPONSE 401 {"www-authenticate":"Bearer realm=\"https://accounts.google.com/\", error=\"invalid_token\"","vary":"X-Origin, Referer, Origin,Accept-Encoding","content-type":"application/json; charset=UTF-8","date":"Tue, 01 Mar 2022 07:14:23 GMT","server":"ESF","cache-control":"private","x-xss-protection":"0","x-frame-options":"SAMEORIGIN","x-content-type-options":"nosniff","server-timing":"gfet4t7; dur=16","alt-svc":"h3=\":443\"; ma=2592000,h3-29=\":443\"; ma=2592000,h3-Q050=\":443\"; ma=2592000,h3-Q046=\":443\"; ma=2592000,h3-Q043=\":443\"; ma=2592000,quic=\":443\"; ma=2592000; v=\"46,43\"","accept-ranges":"none","transfer-encoding":"chunked"}
[debug] [2022-03-01T07:14:23.415Z] <<< HTTP RESPONSE BODY {"error":{"code":401,"message":"Request had invalid authentication credentials. Expected OAuth 2 access token, login cookie or other valid authentication credential. See https://developers.google.com/identity/sign-in/web/devconsole-project.","status":"UNAUTHENTICATED","details":[{"@type":"type.googleapis.com/google.rpc.ErrorInfo","reason":"ACCESS_TOKEN_TYPE_UNSUPPORTED","metadata":{"service":"cloudresourcemanager.googleapis.com","method":"google.cloudresourcemanager.v1.Projects.TestIamPermissions"}}]}}
[debug] [2022-03-01T07:14:23.416Z] [iam] error while checking permissions, command may fail: FirebaseError: HTTP Error: 401, Request had invalid authentication credentials. Expected OAuth 2 access token, login cookie or other valid authentication credential. See https://developers.google.com/identity/sign-in/web/devconsole-project.
[debug] [2022-03-01T07:14:23.417Z] > refreshing access token with scopes: []
[debug] [2022-03-01T07:14:23.417Z] >>> HTTP REQUEST POST https://www.googleapis.com/oauth2/v3/token  
 <request body omitted>
[debug] [2022-03-01T07:14:23.509Z] <<< HTTP RESPONSE 400 {"cache-control":"no-cache, no-store, max-age=0, must-revalidate","pragma":"no-cache","date":"Tue, 01 Mar 2022 07:14:23 GMT","expires":"Mon, 01 Jan 1990 00:00:00 GMT","content-type":"application/json; charset=utf-8","vary":"X-Origin, Referer, Origin,Accept-Encoding","server":"scaffolding on HTTPServer2","x-xss-protection":"0","x-frame-options":"SAMEORIGIN","x-content-type-options":"nosniff","alt-svc":"h3=\":443\"; ma=2592000,h3-29=\":443\"; ma=2592000,h3-Q050=\":443\"; ma=2592000,h3-Q046=\":443\"; ma=2592000,h3-Q043=\":443\"; ma=2592000,quic=\":443\"; ma=2592000; v=\"46,43\"","accept-ranges":"none","transfer-encoding":"chunked"}
[debug] [2022-03-01T07:14:23.510Z] >>> [apiv2][query] GET https://firebase.googleapis.com/v1beta1/projects/dirtylittlepaws-487d9 [none]
[debug] [2022-03-01T07:14:23.610Z] <<< [apiv2][status] GET https://firebase.googleapis.com/v1beta1/projects/dirtylittlepaws-487d9 401
[debug] [2022-03-01T07:14:23.610Z] <<< [apiv2][body] GET https://firebase.googleapis.com/v1beta1/projects/dirtylittlepaws-487d9 {"error":{"code":401,"message":"Request had invalid authentication credentials. Expected OAuth 2 access token, login cookie or other valid authentication credential. See https://developers.google.com/identity/sign-in/web/devconsole-project.","status":"UNAUTHENTICATED"}}
[debug] [2022-03-01T07:14:23.610Z] HTTP Error: 401, Request had invalid authentication credentials. Expected OAuth 2 access token, login cookie or other valid authentication credential. See https://developers.google.com/identity/sign-in/web/devconsole-project.
[debug] [2022-03-01T07:14:23.611Z] FirebaseError: HTTP Error: 401, Request had invalid authentication credentials. Expected OAuth 2 access token, login cookie or other valid authentication credential. See https://developers.google.com/identity/sign-in/web/devconsole-project.
    at module.exports (C:\Users\Sebastian\AppData\Roaming\npm\node_modules\firebase-tools\lib\responseToError.js:38:12)
    at Client.doRequest (C:\Users\Sebastian\AppData\Roaming\npm\node_modules\firebase-tools\lib\apiv2.js:241:23)
    at processTicksAndRejections (node:internal/process/task_queues:96:5)
    at async Client.request (C:\Users\Sebastian\AppData\Roaming\npm\node_modules\firebase-tools\lib\apiv2.js:96:20)
    at async getFirebaseProject (C:\Users\Sebastian\AppData\Roaming\npm\node_modules\firebase-tools\lib\management\projects.js:290:21)
    at async getDefaultHostingSite (C:\Users\Sebastian\AppData\Roaming\npm\node_modules\firebase-tools\lib\getDefaultHostingSite.js:8:21)
    at async requireHostingSite (C:\Users\Sebastian\AppData\Roaming\npm\node_modules\firebase-tools\lib\requireHostingSite.js:9:18)
    at async Object.fn (C:\Users\Sebastian\AppData\Roaming\npm\node_modules\firebase-tools\lib\commands\deploy.js:73:9)
    at async C:\Users\Sebastian\AppData\Roaming\npm\node_modules\firebase-tools\lib\command.js:188:17
[error] 
[error] Error: Failed to get Firebase project dirtylittlepaws-487d9. Please make sure the project exists and your account has permission to access it.
