[debug] [2022-02-23T03:04:50.918Z] ----------------------------------------------------------------------
[debug] [2022-02-23T03:04:50.919Z] Command:       /usr/local/bin/node /opt/homebrew/bin/firebase init
[debug] [2022-02-23T03:04:50.919Z] CLI Version:   10.0.1
[debug] [2022-02-23T03:04:50.919Z] Platform:      darwin
[debug] [2022-02-23T03:04:50.919Z] Node Version:  v16.13.2
[debug] [2022-02-23T03:04:50.920Z] Time:          Tue Feb 22 2022 21:04:50 GMT-0600 (Central Standard Time)
[debug] [2022-02-23T03:04:50.920Z] ----------------------------------------------------------------------
[debug] 
[debug] [2022-02-23T03:04:50.943Z] > command requires scopes: ["email","openid","https://www.googleapis.com/auth/cloudplatformprojects.readonly","https://www.googleapis.com/auth/firebase","https://www.googleapis.com/auth/cloud-platform"]
[debug] [2022-02-23T03:04:50.944Z] > authorizing via signed-in user (niraj7.shah@gmail.com)
[info] 
     ######## #### ########  ######## ########     ###     ######  ########
     ##        ##  ##     ## ##       ##     ##  ##   ##  ##       ##
     ######    ##  ########  ######   ########  #########  ######  ######
     ##        ##  ##    ##  ##       ##     ## ##     ##       ## ##
     ##       #### ##     ## ######## ########  ##     ##  ######  ########

You're about to initialize a Firebase project in this directory:

  /Users/nirajshah/Library/Mobile Documents/com~apple~CloudDocs/Documents/A Northwestern/A Classes/22 Winter Quarter/CS 394/DIrtyLittlePaws/dirtylittlepaws

Before we get started, keep in mind:

  * You are initializing within an existing Firebase project directory

